<?xml version="1.0" encoding="UTF-8" standalone="no"?><testsuite errors="0" failures="2" hostname="nas-10-241-43-54.york.ac.uk" name="default.test_spider" tests="2" time="0.260000"><properties><property name="java.vendor" value="Oracle Corporation"/><property name="org.eclipse.debug.ui.breakpoints.toggleFactoriesUsed" value="false"/><property name="osgi.bundles.defaultStartLevel" value="4"/><property name="org.osgi.supports.framework.extension" value="true"/><property name="sun.management.compiler" value="HotSpot 64-Bit Tiered Compilers"/><property name="org.eclipse.jdt.debug.ui.debuggerActive" value="false"/><property name="eclipse.p2.profile" value="epp.package.modeling"/><property name="os.name" value="Mac OS X"/><property name="sun.boot.class.path" value="/Library/Java/JavaVirtualMachines/jdk1.8.0_131.jdk/Contents/Home/jre/lib/resources.jar:/Library/Java/JavaVirtualMachines/jdk1.8.0_131.jdk/Contents/Home/jre/lib/rt.jar:/Library/Java/JavaVirtualMachines/jdk1.8.0_131.jdk/Contents/Home/jre/lib/sunrsasign.jar:/Library/Java/JavaVirtualMachines/jdk1.8.0_131.jdk/Contents/Home/jre/lib/jsse.jar:/Library/Java/JavaVirtualMachines/jdk1.8.0_131.jdk/Contents/Home/jre/lib/jce.jar:/Library/Java/JavaVirtualMachines/jdk1.8.0_131.jdk/Contents/Home/jre/lib/charsets.jar:/Library/Java/JavaVirtualMachines/jdk1.8.0_131.jdk/Contents/Home/jre/lib/jfr.jar:/Library/Java/JavaVirtualMachines/jdk1.8.0_131.jdk/Contents/Home/jre/classes"/><property name="org.eclipse.jdt.debug.ui.supportsInstanceRetrieval" value="false"/><property name="user.country.format" value="GB"/><property name="osgi.ws" value="cocoa"/><property name="java.vm.specification.vendor" value="Oracle Corporation"/><property name="ant.home" value="/Applications/Eclipse.app/Contents/Eclipse/plugins/org.apache.ant_1.10.3.v20180417-1627"/><property name="java.runtime.version" value="1.8.0_131-b11"/><property name="osgi.instance.area" value="file:/Users/zhangpengyu/Documents/workspace/"/><property name="org.osgi.framework.uuid" value="d00fba4c-89b7-49be-b47b-bd7ea6289ff8"/><property name="user.name" value="zhangpengyu"/><property name="osgi.framework.extensions" value="reference:file:org.eclipse.osgi.compatibility.state_1.1.100.v20180331-1743.jar"/><property name="user.language.format" value="en"/><property name="org.osgi.framework.system.packages" value="java.applet,java.awt,java.awt.color,java.awt.datatransfer,java.awt.dnd,java.awt.event,java.awt.font,java.awt.geom,java.awt.im,java.awt.im.spi,java.awt.image,java.awt.image.renderable,java.awt.print,java.beans,java.beans.beancontext,java.io,java.lang,java.lang.annotation,java.lang.instrument,java.lang.invoke,java.lang.management,java.lang.ref,java.lang.reflect,java.math,java.net,java.nio,java.nio.channels,java.nio.channels.spi,java.nio.charset,java.nio.charset.spi,java.nio.file,java.nio.file.attribute,java.nio.file.spi,java.rmi,java.rmi.activation,java.rmi.dgc,java.rmi.registry,java.rmi.server,java.security,java.security.acl,java.security.cert,java.security.interfaces,java.security.spec,java.sql,java.text,java.text.spi,java.time,java.time.chrono,java.time.format,java.time.temporal,java.time.zone,java.util,java.util.concurrent,java.util.concurrent.atomic,java.util.concurrent.locks,java.util.function,java.util.jar,java.util.logging,java.util.prefs,java.util.regex,java.util.spi,java.util.stream,java.util.zip,javax.accessibility,javax.activation,javax.activity,javax.annotation,javax.annotation.processing,javax.crypto,javax.crypto.interfaces,javax.crypto.spec,javax.imageio,javax.imageio.event,javax.imageio.metadata,javax.imageio.plugins.bmp,javax.imageio.plugins.jpeg,javax.imageio.spi,javax.imageio.stream,javax.jws,javax.jws.soap,javax.lang.model,javax.lang.model.element,javax.lang.model.type,javax.lang.model.util,javax.management,javax.management.loading,javax.management.modelmbean,javax.management.monitor,javax.management.openmbean,javax.management.relation,javax.management.remote,javax.management.remote.rmi,javax.management.timer,javax.naming,javax.naming.directory,javax.naming.event,javax.naming.ldap,javax.naming.spi,javax.net,javax.net.ssl,javax.print,javax.print.attribute,javax.print.attribute.standard,javax.print.event,javax.rmi,javax.rmi.CORBA,javax.rmi.ssl,javax.script,javax.security.auth,javax.security.auth.callback,javax.security.auth.kerberos,javax.security.auth.login,javax.security.auth.spi,javax.security.auth.x500,javax.security.cert,javax.security.sasl,javax.sound.midi,javax.sound.midi.spi,javax.sound.sampled,javax.sound.sampled.spi,javax.sql,javax.sql.rowset,javax.sql.rowset.serial,javax.sql.rowset.spi,javax.swing,javax.swing.border,javax.swing.colorchooser,javax.swing.event,javax.swing.filechooser,javax.swing.plaf,javax.swing.plaf.basic,javax.swing.plaf.metal,javax.swing.plaf.multi,javax.swing.plaf.nimbus,javax.swing.plaf.synth,javax.swing.table,javax.swing.text,javax.swing.text.html,javax.swing.text.html.parser,javax.swing.text.rtf,javax.swing.tree,javax.swing.undo,javax.tools,javax.transaction,javax.transaction.xa,javax.xml,javax.xml.bind,javax.xml.bind.annotation,javax.xml.bind.annotation.adapters,javax.xml.bind.attachment,javax.xml.bind.helpers,javax.xml.bind.util,javax.xml.crypto,javax.xml.crypto.dom,javax.xml.crypto.dsig,javax.xml.crypto.dsig.dom,javax.xml.crypto.dsig.keyinfo,javax.xml.crypto.dsig.spec,javax.xml.datatype,javax.xml.namespace,javax.xml.parsers,javax.xml.soap,javax.xml.stream,javax.xml.stream.events,javax.xml.stream.util,javax.xml.transform,javax.xml.transform.dom,javax.xml.transform.sax,javax.xml.transform.stax,javax.xml.transform.stream,javax.xml.validation,javax.xml.ws,javax.xml.ws.handler,javax.xml.ws.handler.soap,javax.xml.ws.http,javax.xml.ws.soap,javax.xml.ws.spi,javax.xml.ws.spi.http,javax.xml.ws.wsaddressing,javax.xml.xpath,org.ietf.jgss,org.omg.CORBA,org.omg.CORBA_2_3,org.omg.CORBA_2_3.portable,org.omg.CORBA.DynAnyPackage,org.omg.CORBA.ORBPackage,org.omg.CORBA.portable,org.omg.CORBA.TypeCodePackage,org.omg.CosNaming,org.omg.CosNaming.NamingContextExtPackage,org.omg.CosNaming.NamingContextPackage,org.omg.Dynamic,org.omg.DynamicAny,org.omg.DynamicAny.DynAnyFactoryPackage,org.omg.DynamicAny.DynAnyPackage,org.omg.IOP,org.omg.IOP.CodecFactoryPackage,org.omg.IOP.CodecPackage,org.omg.Messaging,org.omg.PortableInterceptor,org.omg.PortableInterceptor.ORBInitInfoPackage,org.omg.PortableServer,org.omg.PortableServer.CurrentPackage,org.omg.PortableServer.POAManagerPackage,org.omg.PortableServer.POAPackage,org.omg.PortableServer.portable,org.omg.PortableServer.ServantLocatorPackage,org.omg.SendingContext,org.omg.stub.java.rmi,org.w3c.dom,org.w3c.dom.bootstrap,org.w3c.dom.css,org.w3c.dom.events,org.w3c.dom.html,org.w3c.dom.ls,org.w3c.dom.ranges,org.w3c.dom.stylesheets,org.w3c.dom.traversal,org.w3c.dom.views,org.w3c.dom.xpath,org.xml.sax,org.xml.sax.ext,org.xml.sax.helpers"/><property name="eclipse.launcher" value="/Applications/Eclipse.app/Contents/MacOS/eclipse"/><property name="org.eclipse.update.resolution_url" value=""/><property name="eclipse.launcher.name" value="Eclipse"/><property name="org.eclipse.swt.internal.deviceZoom" value="200"/><property name="org.osgi.framework.language" value="zh"/><property name="osgi.frameworkClassPath" value="., file:/Applications/Eclipse.app/Contents/Eclipse/plugins/org.eclipse.osgi.compatibility.state_1.1.100.v20180331-1743.jar"/><property name="equinox.use.ds" value="true"/><property name="user.language" value="zh"/><property name="org.osgi.framework.processor" value="x86-64"/><property name="osgi.compatibility.bootdelegation.default" value="true"/><property name="osgi.syspath" value="/Applications/Eclipse.app/Contents/Eclipse/plugins"/><property name="sun.boot.library.path" value="/Library/Java/JavaVirtualMachines/jdk1.8.0_131.jdk/Contents/Home/jre/lib"/><property name="org.osgi.framework.system.capabilities" value="osgi.ee; osgi.ee=&quot;OSGi/Minimum&quot;; version:List&lt;Version&gt;=&quot;1.0, 1.1, 1.2&quot;,osgi.ee; osgi.ee=&quot;JRE&quot;; version:List&lt;Version&gt;=&quot;1.0, 1.1&quot;,osgi.ee; osgi.ee=&quot;JavaSE&quot;; version:List&lt;Version&gt;=&quot;1.0, 1.1, 1.2, 1.3, 1.4, 1.5, 1.6, 1.7, 1.8&quot;,osgi.ee; osgi.ee=&quot;JavaSE/compact1&quot;; version:List&lt;Version&gt;=&quot;1.8&quot;,osgi.ee; osgi.ee=&quot;JavaSE/compact2&quot;; version:List&lt;Version&gt;=&quot;1.8&quot;,osgi.ee; osgi.ee=&quot;JavaSE/compact3&quot;; version:List&lt;Version&gt;=&quot;1.8&quot;"/><property name="org.eclipse.jdt.debug.ui.instanceof.IJavaStackFrame" value="false"/><property name="org.eclipse.debug.ui.debugViewToolbarVisible" value="false"/><property name="osgi.compatibility.bootdelegation" value="true"/><property name="java.version" value="1.8.0_131"/><property name="org.osgi.framework.os.name" value="MacOSX"/><property name="user.timezone" value="Europe/London"/><property name="sun.arch.data.model" value="64"/><property name="osgi.bundles" value="reference:file:org.eclipse.osgi.compatibility.state_1.1.100.v20180331-1743.jar,reference:file:org.eclipse.equinox.simpleconfigurator_1.3.0.v20180502-1828.jar@1:start"/><property name="java.endorsed.dirs" value="/Library/Java/JavaVirtualMachines/jdk1.8.0_131.jdk/Contents/Home/jre/lib/endorsed"/><property name="osgi.tracefile" value="/Users/zhangpengyu/Documents/workspace/.metadata/trace.log"/><property name="eclipse.application" value="org.eclipse.ui.ide.workbench"/><property name="sun.cpu.isalist" value=""/><property name="sun.jnu.encoding" value="UTF-8"/><property name="file.encoding.pkg" value="sun.io"/><property name="equinox.init.uuid" value="true"/><property name="org.osgi.framework.vendor" value="Eclipse"/><property name="file.separator" value="/"/><property name="java.specification.name" value="Java Platform API Specification"/><property name="java.class.version" value="52.0"/><property name="user.country" value="CN"/><property name="org.eclipse.equinox.launcher.splash.location" value="/Applications/Eclipse.app/Contents/Eclipse/plugins/org.eclipse.platform_4.8.0.v20180611-0500/splash.bmp"/><property name="java.home" value="/Library/Java/JavaVirtualMachines/jdk1.8.0_131.jdk/Contents/Home/jre"/><property name="osgi.os" value="macosx"/><property name="eclipse.commands" value="-os&#10;macosx&#10;-ws&#10;cocoa&#10;-arch&#10;x86_64&#10;-showsplash&#10;-launcher&#10;/Applications/Eclipse.app/Contents/MacOS/eclipse&#10;-name&#10;Eclipse&#10;--launcher.library&#10;/Applications/Eclipse.app/Contents/MacOS//../Eclipse/plugins/org.eclipse.equinox.launcher.cocoa.macosx.x86_64_1.1.700.v20180518-1200/eclipse_1705.so&#10;-startup&#10;/Applications/Eclipse.app/Contents/MacOS//../Eclipse/plugins/org.eclipse.equinox.launcher_1.5.0.v20180512-1130.jar&#10;--launcher.appendVmargs&#10;-product&#10;org.eclipse.epp.package.modeling.product&#10;-keyring&#10;/Users/zhangpengyu/.eclipse_keyring&#10;-vm&#10;/Library/Java/JavaVirtualMachines/jdk1.8.0_131.jdk/Contents/Home/bin/../jre/lib/server/libjvm.dylib&#10;"/><property name="java.vm.info" value="mixed mode"/><property name="osgi.splashLocation" value="/Applications/Eclipse.app/Contents/Eclipse/plugins/org.eclipse.platform_4.8.0.v20180611-0500/splash.bmp"/><property name="os.version" value="10.14.4"/><property name="osgi.arch" value="x86_64"/><property name="path.separator" value=":"/><property name="java.vm.version" value="25.131-b11"/><property name="org.osgi.supports.framework.fragment" value="true"/><property name="ant.library.dir" value="/Applications/Eclipse.app/Contents/Eclipse/plugins/org.apache.ant_1.10.3.v20180417-1627/lib"/><property name="osgi.framework.shape" value="jar"/><property name="osgi.instance.area.default" value="file:/Users/zhangpengyu/eclipse-workspace/"/><property name="java.awt.printerjob" value="sun.lwawt.macosx.CPrinterJob"/><property name="sun.io.unicode.encoding" value="UnicodeBig"/><property name="org.osgi.framework.version" value="1.9.0"/><property name="org.osgi.framework.storage" value="/Applications/Eclipse.app/Contents/Eclipse/configuration"/><property name="awt.toolkit" value="sun.lwawt.macosx.LWCToolkit"/><property name="eclipse.stateSaveDelayInterval" value="30000"/><property name="osgi.install.area" value="file:/Applications/Eclipse.app/Contents/Eclipse/"/><property name="osgi.framework" value="file:/Applications/Eclipse.app/Contents/Eclipse/plugins/org.eclipse.osgi_3.13.0.v20180409-1500.jar"/><property name="user.home" value="/Users/zhangpengyu"/><property name="org.eclipse.equinox.simpleconfigurator.configUrl" value="file:org.eclipse.equinox.simpleconfigurator/bundles.info"/><property name="osgi.framework.useSystemProperties" value="true"/><property name="osgi.splashPath" value="platform:/base/plugins/org.eclipse.platform"/><property name="osgi.nl" value="zh_CN"/><property name="java.specification.vendor" value="Oracle Corporation"/><property name="java.library.path" value="/Users/zhangpengyu/Library/Java/Extensions:/Library/Java/Extensions:/Network/Library/Java/Extensions:/System/Library/Java/Extensions:/usr/lib/java:."/><property name="java.vendor.url" value="http://java.oracle.com/"/><property name="org.osgi.framework.os.version" value="10.14.4"/><property name="eclipse.p2.data.area" value="@config.dir/../p2/"/><property name="eclipse.startTime" value="1592794071629"/><property name="java.vm.vendor" value="Oracle Corporation"/><property name="gopherProxySet" value="false"/><property name="java.runtime.name" value="Java(TM) SE Runtime Environment"/><property name="java.class.path" value="/Applications/Eclipse.app/Contents/MacOS//../Eclipse/plugins/org.eclipse.equinox.launcher_1.5.0.v20180512-1130.jar"/><property name="ds.delayed.keepInstances" value="true"/><property name="osgi.requiredJavaVersion" value="1.8"/><property name="eclipse.vm" value="/Library/Java/JavaVirtualMachines/jdk1.8.0_131.jdk/Contents/Home/bin/../jre/lib/server/libjvm.dylib"/><property name="java.vm.specification.name" value="Java Virtual Machine Specification"/><property name="org.eclipse.jdt.debug.ui.supportsForceReturn" value="false"/><property name="java.vm.specification.version" value="1.8"/><property name="sun.cpu.endian" value="little"/><property name="org.eclipse.swt.internal.carbon.smallFonts" value=""/><property name="sun.os.patch.level" value="unknown"/><property name="gosh.args" value="--nointeractive"/><property name="java.io.tmpdir" value="/var/folders/c3/lp7syv4s74d2vp6s3m10x6b40000gn/T/"/><property name="applicationXMI" value="org.eclipse.ui.workbench/LegacyIDE.e4xmi"/><property name="java.vendor.url.bug" value="http://bugreport.sun.com/bugreport/"/><property name="eclipse.product" value="org.eclipse.epp.package.modeling.product"/><property name="eclipse.home.location" value="file:/Applications/Eclipse.app/Contents/Eclipse/"/><property name="os.arch" value="x86_64"/><property name="java.awt.graphicsenv" value="sun.awt.CGraphicsEnvironment"/><property name="java.ext.dirs" value="/Users/zhangpengyu/Library/Java/Extensions:/Library/Java/JavaVirtualMachines/jdk1.8.0_131.jdk/Contents/Home/jre/lib/ext:/Library/Java/Extensions:/Network/Library/Java/Extensions:/System/Library/Java/Extensions:/usr/lib/java"/><property name="user.dir" value="/Applications/Eclipse.app/Contents/MacOS"/><property name="org.osgi.supports.framework.requirebundle" value="true"/><property name="line.separator" value="&#10;"/><property name="java.vm.name" value="Java HotSpot(TM) 64-Bit Server VM"/><property name="org.apache.commons.logging.Log" value="org.apache.commons.logging.impl.NoOpLog"/><property name="osgi.dataAreaRequiresExplicitInit" value="true"/><property name="file.encoding" value="UTF-8"/><property name="eclipse.buildId" value="4.8.0.I20180611-0500"/><property name="eclipse.vmargs" value="-Dosgi.requiredJavaVersion=1.8&#10;-Dosgi.instance.area.default=@user.home/eclipse-workspace&#10;-XX:+UseG1GC&#10;-XX:+UseStringDeduplication&#10;-XstartOnFirstThread&#10;-Dorg.eclipse.swt.internal.carbon.smallFonts&#10;-Dosgi.requiredJavaVersion=1.8&#10;-Dosgi.dataAreaRequiresExplicitInit=true&#10;-Xms256m&#10;-Xmx1024m&#10;-Xdock:icon=../Resources/Eclipse.icns&#10;-XstartOnFirstThread&#10;-Dorg.eclipse.swt.internal.carbon.smallFonts&#10;-Djava.class.path=/Applications/Eclipse.app/Contents/MacOS//../Eclipse/plugins/org.eclipse.equinox.launcher_1.5.0.v20180512-1130.jar&#10;"/><property name="java.specification.version" value="1.8"/><property name="org.osgi.framework.executionenvironment" value="OSGi/Minimum-1.0,OSGi/Minimum-1.1,OSGi/Minimum-1.2,JavaSE/compact1-1.8,JavaSE/compact2-1.8,JavaSE/compact3-1.8,JRE-1.1,J2SE-1.2,J2SE-1.3,J2SE-1.4,J2SE-1.5,JavaSE-1.6,JavaSE-1.7,JavaSE-1.8"/><property name="osgi.logfile" value="/Users/zhangpengyu/Documents/workspace/.metadata/.log"/><property name="osgi.configuration.area" value="file:/Applications/Eclipse.app/Contents/Eclipse/configuration/"/></properties><testcase classname="default.test_spider" name="testCase1" time="0.00100000"><failure message="Internal error: Expected 0, but got 1 instead&#10;&#9;at org.eclipse.epsilon.eol.execute.operations.contributors.BasicEUnitOperationContributor.compareGeneric[BasicEUnitOperationContributor.java:96]&#10;&#9;at org.eclipse.epsilon.eol.execute.operations.contributors.BasicEUnitOperationContributor.assertEquals[BasicEUnitOperationContributor.java:53]&#10;&#9;at org.eclipse.epsilon.eol.execute.operations.contributors.BasicEUnitOperationContributor.assertEquals[BasicEUnitOperationContributor.java:49]&#10;&#9;at sun.reflect.NativeMethodAccessorImpl.invoke0[Native Method]&#10;&#9;at sun.reflect.NativeMethodAccessorImpl.invoke[NativeMethodAccessorImpl.java:62]&#10;&#9;at sun.reflect.DelegatingMethodAccessorImpl.invoke[DelegatingMethodAccessorImpl.java:43]&#10;&#9;at java.lang.reflect.Method.invoke[Method.java:498]&#10;&#9;at org.eclipse.epsilon.eol.util.ReflectionUtil.executeMethod[ReflectionUtil.java:186]&#10;&#9;at org.eclipse.epsilon.eol.util.ReflectionUtil.executeMethod[ReflectionUtil.java:162]&#10;&#9;at org.eclipse.epsilon.eol.execute.introspection.java.ObjectMethod.execute[ObjectMethod.java:48]&#10;&#9;at org.eclipse.epsilon.eol.dom.OperationCallExpression.execute[OperationCallExpression.java:145]&#10;&#9;at org.eclipse.epsilon.eol.execute.ExecutorFactory.execute[ExecutorFactory.java:99]&#10;&#9;at org.eclipse.epsilon.eol.dom.ExpressionStatement.execute[ExpressionStatement.java:33]&#10;&#9;at org.eclipse.epsilon.eol.execute.ExecutorFactory.execute[ExecutorFactory.java:99]&#10;&#9;at org.eclipse.epsilon.eol.dom.StatementBlock.execute[StatementBlock.java:58]&#10;&#9;at org.eclipse.epsilon.eol.execute.ExecutorFactory.execute[ExecutorFactory.java:99]&#10;&#9;at org.eclipse.epsilon.eol.dom.Operation.executeBody[Operation.java:200]&#10;&#9;at org.eclipse.epsilon.eol.dom.Operation.execute[Operation.java:183]&#10;&#9;at org.eclipse.epsilon.eunit.EUnitModule.runLeafTestCase[EUnitModule.java:415]&#10;&#9;at org.eclipse.epsilon.eunit.EUnitModule.runSuiteInternal[EUnitModule.java:343]&#10;&#9;at org.eclipse.epsilon.eunit.EUnitModule.runSuite[EUnitModule.java:167]&#10;&#9;at org.eclipse.epsilon.eunit.EUnitModule.runInnerTestCase[EUnitModule.java:370]&#10;&#9;at org.eclipse.epsilon.eunit.EUnitModule.runSuiteInternal[EUnitModule.java:345]&#10;&#9;at org.eclipse.epsilon.eunit.EUnitModule.runSuite[EUnitModule.java:167]&#10;&#9;at org.eclipse.epsilon.eunit.EUnitModule.executeImpl[EUnitModule.java:128]&#10;&#9;at org.eclipse.epsilon.eol.execute.ExecutorFactory.execute[ExecutorFactory.java:102]&#10;&#9;at org.eclipse.epsilon.eol.EolModule.execute[EolModule.java:413]&#10;&#9;at org.eclipse.epsilon.workflow.tasks.ExecutableModuleTask.executeImpl[ExecutableModuleTask.java:216]&#10;&#9;at org.eclipse.epsilon.workflow.tasks.EpsilonTask.execute[EpsilonTask.java:39]&#10;&#9;at org.apache.tools.ant.UnknownElement.execute[UnknownElement.java:292]&#10;&#9;at sun.reflect.NativeMethodAccessorImpl.invoke0[Native Method]&#10;&#9;at sun.reflect.NativeMethodAccessorImpl.invoke[NativeMethodAccessorImpl.java:62]&#10;&#9;at sun.reflect.DelegatingMethodAccessorImpl.invoke[DelegatingMethodAccessorImpl.java:43]&#10;&#9;at java.lang.reflect.Method.invoke[Method.java:498]&#10;&#9;at org.apache.tools.ant.dispatch.DispatchUtils.execute[DispatchUtils.java:106]&#10;&#9;at org.apache.tools.ant.Task.perform[Task.java:350]&#10;&#9;at org.apache.tools.ant.Target.execute[Target.java:448]&#10;&#9;at org.apache.tools.ant.Target.performTasks[Target.java:469]&#10;&#9;at org.apache.tools.ant.Project.executeSortedTargets[Project.java:1399]&#10;&#9;at org.apache.tools.ant.Project.executeTarget[Project.java:1370]&#10;&#9;at org.apache.tools.ant.helper.DefaultExecutor.executeTargets[DefaultExecutor.java:41]&#10;&#9;at org.eclipse.ant.internal.core.ant.EclipseDefaultExecutor.executeTargets[EclipseDefaultExecutor.java:36]&#10;&#9;at org.apache.tools.ant.Project.executeTargets[Project.java:1260]&#10;&#9;at org.eclipse.ant.internal.core.ant.InternalAntRunner.run[InternalAntRunner.java:712]&#10;&#9;at org.eclipse.ant.internal.core.ant.InternalAntRunner.run[InternalAntRunner.java:532]&#10;&#9;at sun.reflect.NativeMethodAccessorImpl.invoke0[Native Method]&#10;&#9;at sun.reflect.NativeMethodAccessorImpl.invoke[NativeMethodAccessorImpl.java:62]&#10;&#9;at sun.reflect.DelegatingMethodAccessorImpl.invoke[DelegatingMethodAccessorImpl.java:43]&#10;&#9;at java.lang.reflect.Method.invoke[Method.java:498]&#10;&#9;at org.eclipse.ant.core.AntRunner.run[AntRunner.java:371]&#10;&#9;at org.eclipse.ant.internal.launching.launchConfigurations.AntLaunchDelegate.lambda$0[AntLaunchDelegate.java:268]&#10;&#9;at java.lang.Thread.run[Thread.java:748]&#10;&#13;&#10;&#9;at (/Users/zhangpengyu/Downloads/org.eclipse.epsilon-1.51/plugins/org.eclipse.epsilon.eol.engine/src/org/eclipse/epsilon/eol/coverage/test_spider.eunit@9:1-9:28)&#13;&#10;&#9;at (/Users/zhangpengyu/Downloads/org.eclipse.epsilon-1.51/plugins/org.eclipse.epsilon.eol.engine/src/org/eclipse/epsilon/eol/coverage/test_spider.eunit@9:1-9:28)&#13;&#10;&#9;at (/Users/zhangpengyu/Downloads/org.eclipse.epsilon-1.51/plugins/org.eclipse.epsilon.eol.engine/src/org/eclipse/epsilon/eol/coverage/test_spider.eunit@8:21-11:1)&#13;&#10;&#9;at (/Users/zhangpengyu/Downloads/org.eclipse.epsilon-1.51/plugins/org.eclipse.epsilon.eol.engine/src/org/eclipse/epsilon/eol/coverage/test_spider.eunit@4:1-4:24)&#13;&#10;&#9;at (/Users/zhangpengyu/Downloads/org.eclipse.epsilon-1.51/plugins/org.eclipse.epsilon.eol.engine/src/org/eclipse/epsilon/eol/coverage/test_spider.eunit@4:1-4:24)&#13;&#10;&#9;at (/Users/zhangpengyu/Downloads/org.eclipse.epsilon-1.51/plugins/org.eclipse.epsilon.eol.engine/src/org/eclipse/epsilon/eol/coverage/test_spider.eunit@3:21-5:1)&#13;&#10;&#9;at (/Users/zhangpengyu/Downloads/org.eclipse.epsilon-1.51/plugins/org.eclipse.epsilon.eol.engine/src/org/eclipse/epsilon/eol/coverage/test_spider.eunit@1:0-11:1)&#13;&#10;" type="org.eclipse.epsilon.eol.exceptions.EolInternalException">Internal error: Expected 0, but got 1 instead
	at org.eclipse.epsilon.eol.execute.operations.contributors.BasicEUnitOperationContributor.compareGeneric[BasicEUnitOperationContributor.java:96]
	at org.eclipse.epsilon.eol.execute.operations.contributors.BasicEUnitOperationContributor.assertEquals[BasicEUnitOperationContributor.java:53]
	at org.eclipse.epsilon.eol.execute.operations.contributors.BasicEUnitOperationContributor.assertEquals[BasicEUnitOperationContributor.java:49]
	at sun.reflect.NativeMethodAccessorImpl.invoke0[Native Method]
	at sun.reflect.NativeMethodAccessorImpl.invoke[NativeMethodAccessorImpl.java:62]
	at sun.reflect.DelegatingMethodAccessorImpl.invoke[DelegatingMethodAccessorImpl.java:43]
	at java.lang.reflect.Method.invoke[Method.java:498]
	at org.eclipse.epsilon.eol.util.ReflectionUtil.executeMethod[ReflectionUtil.java:186]
	at org.eclipse.epsilon.eol.util.ReflectionUtil.executeMethod[ReflectionUtil.java:162]
	at org.eclipse.epsilon.eol.execute.introspection.java.ObjectMethod.execute[ObjectMethod.java:48]
	at org.eclipse.epsilon.eol.dom.OperationCallExpression.execute[OperationCallExpression.java:145]
	at org.eclipse.epsilon.eol.execute.ExecutorFactory.execute[ExecutorFactory.java:99]
	at org.eclipse.epsilon.eol.dom.ExpressionStatement.execute[ExpressionStatement.java:33]
	at org.eclipse.epsilon.eol.execute.ExecutorFactory.execute[ExecutorFactory.java:99]
	at org.eclipse.epsilon.eol.dom.StatementBlock.execute[StatementBlock.java:58]
	at org.eclipse.epsilon.eol.execute.ExecutorFactory.execute[ExecutorFactory.java:99]
	at org.eclipse.epsilon.eol.dom.Operation.executeBody[Operation.java:200]
	at org.eclipse.epsilon.eol.dom.Operation.execute[Operation.java:183]
	at org.eclipse.epsilon.eunit.EUnitModule.runLeafTestCase[EUnitModule.java:415]
	at org.eclipse.epsilon.eunit.EUnitModule.runSuiteInternal[EUnitModule.java:343]
	at org.eclipse.epsilon.eunit.EUnitModule.runSuite[EUnitModule.java:167]
	at org.eclipse.epsilon.eunit.EUnitModule.runInnerTestCase[EUnitModule.java:370]
	at org.eclipse.epsilon.eunit.EUnitModule.runSuiteInternal[EUnitModule.java:345]
	at org.eclipse.epsilon.eunit.EUnitModule.runSuite[EUnitModule.java:167]
	at org.eclipse.epsilon.eunit.EUnitModule.executeImpl[EUnitModule.java:128]
	at org.eclipse.epsilon.eol.execute.ExecutorFactory.execute[ExecutorFactory.java:102]
	at org.eclipse.epsilon.eol.EolModule.execute[EolModule.java:413]
	at org.eclipse.epsilon.workflow.tasks.ExecutableModuleTask.executeImpl[ExecutableModuleTask.java:216]
	at org.eclipse.epsilon.workflow.tasks.EpsilonTask.execute[EpsilonTask.java:39]
	at org.apache.tools.ant.UnknownElement.execute[UnknownElement.java:292]
	at sun.reflect.NativeMethodAccessorImpl.invoke0[Native Method]
	at sun.reflect.NativeMethodAccessorImpl.invoke[NativeMethodAccessorImpl.java:62]
	at sun.reflect.DelegatingMethodAccessorImpl.invoke[DelegatingMethodAccessorImpl.java:43]
	at java.lang.reflect.Method.invoke[Method.java:498]
	at org.apache.tools.ant.dispatch.DispatchUtils.execute[DispatchUtils.java:106]
	at org.apache.tools.ant.Task.perform[Task.java:350]
	at org.apache.tools.ant.Target.execute[Target.java:448]
	at org.apache.tools.ant.Target.performTasks[Target.java:469]
	at org.apache.tools.ant.Project.executeSortedTargets[Project.java:1399]
	at org.apache.tools.ant.Project.executeTarget[Project.java:1370]
	at org.apache.tools.ant.helper.DefaultExecutor.executeTargets[DefaultExecutor.java:41]
	at org.eclipse.ant.internal.core.ant.EclipseDefaultExecutor.executeTargets[EclipseDefaultExecutor.java:36]
	at org.apache.tools.ant.Project.executeTargets[Project.java:1260]
	at org.eclipse.ant.internal.core.ant.InternalAntRunner.run[InternalAntRunner.java:712]
	at org.eclipse.ant.internal.core.ant.InternalAntRunner.run[InternalAntRunner.java:532]
	at sun.reflect.NativeMethodAccessorImpl.invoke0[Native Method]
	at sun.reflect.NativeMethodAccessorImpl.invoke[NativeMethodAccessorImpl.java:62]
	at sun.reflect.DelegatingMethodAccessorImpl.invoke[DelegatingMethodAccessorImpl.java:43]
	at java.lang.reflect.Method.invoke[Method.java:498]
	at org.eclipse.ant.core.AntRunner.run[AntRunner.java:371]
	at org.eclipse.ant.internal.launching.launchConfigurations.AntLaunchDelegate.lambda$0[AntLaunchDelegate.java:268]
	at java.lang.Thread.run[Thread.java:748]
&#13;
	at (/Users/zhangpengyu/Downloads/org.eclipse.epsilon-1.51/plugins/org.eclipse.epsilon.eol.engine/src/org/eclipse/epsilon/eol/coverage/test_spider.eunit@9:1-9:28)&#13;
	at (/Users/zhangpengyu/Downloads/org.eclipse.epsilon-1.51/plugins/org.eclipse.epsilon.eol.engine/src/org/eclipse/epsilon/eol/coverage/test_spider.eunit@9:1-9:28)&#13;
	at (/Users/zhangpengyu/Downloads/org.eclipse.epsilon-1.51/plugins/org.eclipse.epsilon.eol.engine/src/org/eclipse/epsilon/eol/coverage/test_spider.eunit@8:21-11:1)&#13;
	at (/Users/zhangpengyu/Downloads/org.eclipse.epsilon-1.51/plugins/org.eclipse.epsilon.eol.engine/src/org/eclipse/epsilon/eol/coverage/test_spider.eunit@4:1-4:24)&#13;
	at (/Users/zhangpengyu/Downloads/org.eclipse.epsilon-1.51/plugins/org.eclipse.epsilon.eol.engine/src/org/eclipse/epsilon/eol/coverage/test_spider.eunit@4:1-4:24)&#13;
	at (/Users/zhangpengyu/Downloads/org.eclipse.epsilon-1.51/plugins/org.eclipse.epsilon.eol.engine/src/org/eclipse/epsilon/eol/coverage/test_spider.eunit@3:21-5:1)&#13;
	at (/Users/zhangpengyu/Downloads/org.eclipse.epsilon-1.51/plugins/org.eclipse.epsilon.eol.engine/src/org/eclipse/epsilon/eol/coverage/test_spider.eunit@1:0-11:1)&#13;

	at org.eclipse.epsilon.eol.execute.operations.contributors.BasicEUnitOperationContributor.compareGeneric(BasicEUnitOperationContributor.java:96)
	at org.eclipse.epsilon.eol.execute.operations.contributors.BasicEUnitOperationContributor.assertEquals(BasicEUnitOperationContributor.java:53)
	at org.eclipse.epsilon.eol.execute.operations.contributors.BasicEUnitOperationContributor.assertEquals(BasicEUnitOperationContributor.java:49)
	at sun.reflect.NativeMethodAccessorImpl.invoke0(Native Method)
	at sun.reflect.NativeMethodAccessorImpl.invoke(NativeMethodAccessorImpl.java:62)
	at sun.reflect.DelegatingMethodAccessorImpl.invoke(DelegatingMethodAccessorImpl.java:43)
	at java.lang.reflect.Method.invoke(Method.java:498)
	at org.eclipse.epsilon.eol.util.ReflectionUtil.executeMethod(ReflectionUtil.java:186)
	at org.eclipse.epsilon.eol.util.ReflectionUtil.executeMethod(ReflectionUtil.java:162)
	at org.eclipse.epsilon.eol.execute.introspection.java.ObjectMethod.execute(ObjectMethod.java:48)
	at org.eclipse.epsilon.eol.dom.OperationCallExpression.execute(OperationCallExpression.java:145)
	at org.eclipse.epsilon.eol.execute.ExecutorFactory.execute(ExecutorFactory.java:99)
	at org.eclipse.epsilon.eol.dom.ExpressionStatement.execute(ExpressionStatement.java:33)
	at org.eclipse.epsilon.eol.execute.ExecutorFactory.execute(ExecutorFactory.java:99)
	at org.eclipse.epsilon.eol.dom.StatementBlock.execute(StatementBlock.java:58)
	at org.eclipse.epsilon.eol.execute.ExecutorFactory.execute(ExecutorFactory.java:99)
	at org.eclipse.epsilon.eol.dom.Operation.executeBody(Operation.java:200)
	at org.eclipse.epsilon.eol.dom.Operation.execute(Operation.java:183)
	at org.eclipse.epsilon.eunit.EUnitModule.runLeafTestCase(EUnitModule.java:415)
	at org.eclipse.epsilon.eunit.EUnitModule.runSuiteInternal(EUnitModule.java:343)
	at org.eclipse.epsilon.eunit.EUnitModule.runSuite(EUnitModule.java:167)
	at org.eclipse.epsilon.eunit.EUnitModule.runInnerTestCase(EUnitModule.java:370)
	at org.eclipse.epsilon.eunit.EUnitModule.runSuiteInternal(EUnitModule.java:345)
	at org.eclipse.epsilon.eunit.EUnitModule.runSuite(EUnitModule.java:167)
	at org.eclipse.epsilon.eunit.EUnitModule.executeImpl(EUnitModule.java:128)
	at org.eclipse.epsilon.eol.execute.ExecutorFactory.execute(ExecutorFactory.java:102)
	at org.eclipse.epsilon.eol.EolModule.execute(EolModule.java:413)
	at org.eclipse.epsilon.workflow.tasks.ExecutableModuleTask.executeImpl(ExecutableModuleTask.java:216)
	at org.eclipse.epsilon.workflow.tasks.EpsilonTask.execute(EpsilonTask.java:39)
	at org.apache.tools.ant.UnknownElement.execute(UnknownElement.java:292)
	at sun.reflect.NativeMethodAccessorImpl.invoke0(Native Method)
	at sun.reflect.NativeMethodAccessorImpl.invoke(NativeMethodAccessorImpl.java:62)
	at sun.reflect.DelegatingMethodAccessorImpl.invoke(DelegatingMethodAccessorImpl.java:43)
	at java.lang.reflect.Method.invoke(Method.java:498)
	at org.apache.tools.ant.dispatch.DispatchUtils.execute(DispatchUtils.java:106)
	at org.apache.tools.ant.Task.perform(Task.java:350)
	at org.apache.tools.ant.Target.execute(Target.java:448)
	at org.apache.tools.ant.Target.performTasks(Target.java:469)
	at org.apache.tools.ant.Project.executeSortedTargets(Project.java:1399)
	at org.apache.tools.ant.Project.executeTarget(Project.java:1370)
	at org.apache.tools.ant.helper.DefaultExecutor.executeTargets(DefaultExecutor.java:41)
	at org.eclipse.ant.internal.core.ant.EclipseDefaultExecutor.executeTargets(EclipseDefaultExecutor.java:36)
	at org.apache.tools.ant.Project.executeTargets(Project.java:1260)
	at org.eclipse.ant.internal.core.ant.InternalAntRunner.run(InternalAntRunner.java:712)
	at org.eclipse.ant.internal.core.ant.InternalAntRunner.run(InternalAntRunner.java:532)
	at sun.reflect.NativeMethodAccessorImpl.invoke0(Native Method)
	at sun.reflect.NativeMethodAccessorImpl.invoke(NativeMethodAccessorImpl.java:62)
	at sun.reflect.DelegatingMethodAccessorImpl.invoke(DelegatingMethodAccessorImpl.java:43)
	at java.lang.reflect.Method.invoke(Method.java:498)
	at org.eclipse.ant.core.AntRunner.run(AntRunner.java:371)
	at org.eclipse.ant.internal.launching.launchConfigurations.AntLaunchDelegate.lambda$0(AntLaunchDelegate.java:268)
	at java.lang.Thread.run(Thread.java:748)
Caused by: Expected 0, but got 1 instead
	... 52 more
</failure></testcase><testcase classname="default.test_spider" name="testCase2" time="0.00200000"><failure message="Internal error: Expected 5050, but got 5500 instead&#10;&#9;at org.eclipse.epsilon.eol.execute.operations.contributors.BasicEUnitOperationContributor.compareGeneric[BasicEUnitOperationContributor.java:96]&#10;&#9;at org.eclipse.epsilon.eol.execute.operations.contributors.BasicEUnitOperationContributor.assertEquals[BasicEUnitOperationContributor.java:53]&#10;&#9;at org.eclipse.epsilon.eol.execute.operations.contributors.BasicEUnitOperationContributor.assertEquals[BasicEUnitOperationContributor.java:49]&#10;&#9;at sun.reflect.NativeMethodAccessorImpl.invoke0[Native Method]&#10;&#9;at sun.reflect.NativeMethodAccessorImpl.invoke[NativeMethodAccessorImpl.java:62]&#10;&#9;at sun.reflect.DelegatingMethodAccessorImpl.invoke[DelegatingMethodAccessorImpl.java:43]&#10;&#9;at java.lang.reflect.Method.invoke[Method.java:498]&#10;&#9;at org.eclipse.epsilon.eol.util.ReflectionUtil.executeMethod[ReflectionUtil.java:186]&#10;&#9;at org.eclipse.epsilon.eol.util.ReflectionUtil.executeMethod[ReflectionUtil.java:162]&#10;&#9;at org.eclipse.epsilon.eol.execute.introspection.java.ObjectMethod.execute[ObjectMethod.java:48]&#10;&#9;at org.eclipse.epsilon.eol.dom.OperationCallExpression.execute[OperationCallExpression.java:145]&#10;&#9;at org.eclipse.epsilon.eol.execute.ExecutorFactory.execute[ExecutorFactory.java:99]&#10;&#9;at org.eclipse.epsilon.eol.dom.ExpressionStatement.execute[ExpressionStatement.java:33]&#10;&#9;at org.eclipse.epsilon.eol.execute.ExecutorFactory.execute[ExecutorFactory.java:99]&#10;&#9;at org.eclipse.epsilon.eol.dom.StatementBlock.execute[StatementBlock.java:58]&#10;&#9;at org.eclipse.epsilon.eol.execute.ExecutorFactory.execute[ExecutorFactory.java:99]&#10;&#9;at org.eclipse.epsilon.eol.dom.Operation.executeBody[Operation.java:200]&#10;&#9;at org.eclipse.epsilon.eol.dom.Operation.execute[Operation.java:183]&#10;&#9;at org.eclipse.epsilon.eunit.EUnitModule.runLeafTestCase[EUnitModule.java:415]&#10;&#9;at org.eclipse.epsilon.eunit.EUnitModule.runSuiteInternal[EUnitModule.java:343]&#10;&#9;at org.eclipse.epsilon.eunit.EUnitModule.runSuite[EUnitModule.java:167]&#10;&#9;at org.eclipse.epsilon.eunit.EUnitModule.runInnerTestCase[EUnitModule.java:370]&#10;&#9;at org.eclipse.epsilon.eunit.EUnitModule.runSuiteInternal[EUnitModule.java:345]&#10;&#9;at org.eclipse.epsilon.eunit.EUnitModule.runSuite[EUnitModule.java:167]&#10;&#9;at org.eclipse.epsilon.eunit.EUnitModule.executeImpl[EUnitModule.java:128]&#10;&#9;at org.eclipse.epsilon.eol.execute.ExecutorFactory.execute[ExecutorFactory.java:102]&#10;&#9;at org.eclipse.epsilon.eol.EolModule.execute[EolModule.java:413]&#10;&#9;at org.eclipse.epsilon.workflow.tasks.ExecutableModuleTask.executeImpl[ExecutableModuleTask.java:216]&#10;&#9;at org.eclipse.epsilon.workflow.tasks.EpsilonTask.execute[EpsilonTask.java:39]&#10;&#9;at org.apache.tools.ant.UnknownElement.execute[UnknownElement.java:292]&#10;&#9;at sun.reflect.NativeMethodAccessorImpl.invoke0[Native Method]&#10;&#9;at sun.reflect.NativeMethodAccessorImpl.invoke[NativeMethodAccessorImpl.java:62]&#10;&#9;at sun.reflect.DelegatingMethodAccessorImpl.invoke[DelegatingMethodAccessorImpl.java:43]&#10;&#9;at java.lang.reflect.Method.invoke[Method.java:498]&#10;&#9;at org.apache.tools.ant.dispatch.DispatchUtils.execute[DispatchUtils.java:106]&#10;&#9;at org.apache.tools.ant.Task.perform[Task.java:350]&#10;&#9;at org.apache.tools.ant.Target.execute[Target.java:448]&#10;&#9;at org.apache.tools.ant.Target.performTasks[Target.java:469]&#10;&#9;at org.apache.tools.ant.Project.executeSortedTargets[Project.java:1399]&#10;&#9;at org.apache.tools.ant.Project.executeTarget[Project.java:1370]&#10;&#9;at org.apache.tools.ant.helper.DefaultExecutor.executeTargets[DefaultExecutor.java:41]&#10;&#9;at org.eclipse.ant.internal.core.ant.EclipseDefaultExecutor.executeTargets[EclipseDefaultExecutor.java:36]&#10;&#9;at org.apache.tools.ant.Project.executeTargets[Project.java:1260]&#10;&#9;at org.eclipse.ant.internal.core.ant.InternalAntRunner.run[InternalAntRunner.java:712]&#10;&#9;at org.eclipse.ant.internal.core.ant.InternalAntRunner.run[InternalAntRunner.java:532]&#10;&#9;at sun.reflect.NativeMethodAccessorImpl.invoke0[Native Method]&#10;&#9;at sun.reflect.NativeMethodAccessorImpl.invoke[NativeMethodAccessorImpl.java:62]&#10;&#9;at sun.reflect.DelegatingMethodAccessorImpl.invoke[DelegatingMethodAccessorImpl.java:43]&#10;&#9;at java.lang.reflect.Method.invoke[Method.java:498]&#10;&#9;at org.eclipse.ant.core.AntRunner.run[AntRunner.java:371]&#10;&#9;at org.eclipse.ant.internal.launching.launchConfigurations.AntLaunchDelegate.lambda$0[AntLaunchDelegate.java:268]&#10;&#9;at java.lang.Thread.run[Thread.java:748]&#10;&#13;&#10;&#9;at (/Users/zhangpengyu/Downloads/org.eclipse.epsilon-1.51/plugins/org.eclipse.epsilon.eol.engine/src/org/eclipse/epsilon/eol/coverage/test_spider.eunit@9:1-9:28)&#13;&#10;&#9;at (/Users/zhangpengyu/Downloads/org.eclipse.epsilon-1.51/plugins/org.eclipse.epsilon.eol.engine/src/org/eclipse/epsilon/eol/coverage/test_spider.eunit@9:1-9:28)&#13;&#10;&#9;at (/Users/zhangpengyu/Downloads/org.eclipse.epsilon-1.51/plugins/org.eclipse.epsilon.eol.engine/src/org/eclipse/epsilon/eol/coverage/test_spider.eunit@8:21-11:1)&#13;&#10;&#9;at (/Users/zhangpengyu/Downloads/org.eclipse.epsilon-1.51/plugins/org.eclipse.epsilon.eol.engine/src/org/eclipse/epsilon/eol/coverage/test_spider.eunit@4:1-4:24)&#13;&#10;&#9;at (/Users/zhangpengyu/Downloads/org.eclipse.epsilon-1.51/plugins/org.eclipse.epsilon.eol.engine/src/org/eclipse/epsilon/eol/coverage/test_spider.eunit@4:1-4:24)&#13;&#10;&#9;at (/Users/zhangpengyu/Downloads/org.eclipse.epsilon-1.51/plugins/org.eclipse.epsilon.eol.engine/src/org/eclipse/epsilon/eol/coverage/test_spider.eunit@3:21-5:1)&#13;&#10;&#9;at (/Users/zhangpengyu/Downloads/org.eclipse.epsilon-1.51/plugins/org.eclipse.epsilon.eol.engine/src/org/eclipse/epsilon/eol/coverage/test_spider.eunit@1:0-11:1)&#13;&#10;" type="org.eclipse.epsilon.eol.exceptions.EolInternalException">Internal error: Expected 5050, but got 5500 instead
	at org.eclipse.epsilon.eol.execute.operations.contributors.BasicEUnitOperationContributor.compareGeneric[BasicEUnitOperationContributor.java:96]
	at org.eclipse.epsilon.eol.execute.operations.contributors.BasicEUnitOperationContributor.assertEquals[BasicEUnitOperationContributor.java:53]
	at org.eclipse.epsilon.eol.execute.operations.contributors.BasicEUnitOperationContributor.assertEquals[BasicEUnitOperationContributor.java:49]
	at sun.reflect.NativeMethodAccessorImpl.invoke0[Native Method]
	at sun.reflect.NativeMethodAccessorImpl.invoke[NativeMethodAccessorImpl.java:62]
	at sun.reflect.DelegatingMethodAccessorImpl.invoke[DelegatingMethodAccessorImpl.java:43]
	at java.lang.reflect.Method.invoke[Method.java:498]
	at org.eclipse.epsilon.eol.util.ReflectionUtil.executeMethod[ReflectionUtil.java:186]
	at org.eclipse.epsilon.eol.util.ReflectionUtil.executeMethod[ReflectionUtil.java:162]
	at org.eclipse.epsilon.eol.execute.introspection.java.ObjectMethod.execute[ObjectMethod.java:48]
	at org.eclipse.epsilon.eol.dom.OperationCallExpression.execute[OperationCallExpression.java:145]
	at org.eclipse.epsilon.eol.execute.ExecutorFactory.execute[ExecutorFactory.java:99]
	at org.eclipse.epsilon.eol.dom.ExpressionStatement.execute[ExpressionStatement.java:33]
	at org.eclipse.epsilon.eol.execute.ExecutorFactory.execute[ExecutorFactory.java:99]
	at org.eclipse.epsilon.eol.dom.StatementBlock.execute[StatementBlock.java:58]
	at org.eclipse.epsilon.eol.execute.ExecutorFactory.execute[ExecutorFactory.java:99]
	at org.eclipse.epsilon.eol.dom.Operation.executeBody[Operation.java:200]
	at org.eclipse.epsilon.eol.dom.Operation.execute[Operation.java:183]
	at org.eclipse.epsilon.eunit.EUnitModule.runLeafTestCase[EUnitModule.java:415]
	at org.eclipse.epsilon.eunit.EUnitModule.runSuiteInternal[EUnitModule.java:343]
	at org.eclipse.epsilon.eunit.EUnitModule.runSuite[EUnitModule.java:167]
	at org.eclipse.epsilon.eunit.EUnitModule.runInnerTestCase[EUnitModule.java:370]
	at org.eclipse.epsilon.eunit.EUnitModule.runSuiteInternal[EUnitModule.java:345]
	at org.eclipse.epsilon.eunit.EUnitModule.runSuite[EUnitModule.java:167]
	at org.eclipse.epsilon.eunit.EUnitModule.executeImpl[EUnitModule.java:128]
	at org.eclipse.epsilon.eol.execute.ExecutorFactory.execute[ExecutorFactory.java:102]
	at org.eclipse.epsilon.eol.EolModule.execute[EolModule.java:413]
	at org.eclipse.epsilon.workflow.tasks.ExecutableModuleTask.executeImpl[ExecutableModuleTask.java:216]
	at org.eclipse.epsilon.workflow.tasks.EpsilonTask.execute[EpsilonTask.java:39]
	at org.apache.tools.ant.UnknownElement.execute[UnknownElement.java:292]
	at sun.reflect.NativeMethodAccessorImpl.invoke0[Native Method]
	at sun.reflect.NativeMethodAccessorImpl.invoke[NativeMethodAccessorImpl.java:62]
	at sun.reflect.DelegatingMethodAccessorImpl.invoke[DelegatingMethodAccessorImpl.java:43]
	at java.lang.reflect.Method.invoke[Method.java:498]
	at org.apache.tools.ant.dispatch.DispatchUtils.execute[DispatchUtils.java:106]
	at org.apache.tools.ant.Task.perform[Task.java:350]
	at org.apache.tools.ant.Target.execute[Target.java:448]
	at org.apache.tools.ant.Target.performTasks[Target.java:469]
	at org.apache.tools.ant.Project.executeSortedTargets[Project.java:1399]
	at org.apache.tools.ant.Project.executeTarget[Project.java:1370]
	at org.apache.tools.ant.helper.DefaultExecutor.executeTargets[DefaultExecutor.java:41]
	at org.eclipse.ant.internal.core.ant.EclipseDefaultExecutor.executeTargets[EclipseDefaultExecutor.java:36]
	at org.apache.tools.ant.Project.executeTargets[Project.java:1260]
	at org.eclipse.ant.internal.core.ant.InternalAntRunner.run[InternalAntRunner.java:712]
	at org.eclipse.ant.internal.core.ant.InternalAntRunner.run[InternalAntRunner.java:532]
	at sun.reflect.NativeMethodAccessorImpl.invoke0[Native Method]
	at sun.reflect.NativeMethodAccessorImpl.invoke[NativeMethodAccessorImpl.java:62]
	at sun.reflect.DelegatingMethodAccessorImpl.invoke[DelegatingMethodAccessorImpl.java:43]
	at java.lang.reflect.Method.invoke[Method.java:498]
	at org.eclipse.ant.core.AntRunner.run[AntRunner.java:371]
	at org.eclipse.ant.internal.launching.launchConfigurations.AntLaunchDelegate.lambda$0[AntLaunchDelegate.java:268]
	at java.lang.Thread.run[Thread.java:748]
&#13;
	at (/Users/zhangpengyu/Downloads/org.eclipse.epsilon-1.51/plugins/org.eclipse.epsilon.eol.engine/src/org/eclipse/epsilon/eol/coverage/test_spider.eunit@9:1-9:28)&#13;
	at (/Users/zhangpengyu/Downloads/org.eclipse.epsilon-1.51/plugins/org.eclipse.epsilon.eol.engine/src/org/eclipse/epsilon/eol/coverage/test_spider.eunit@9:1-9:28)&#13;
	at (/Users/zhangpengyu/Downloads/org.eclipse.epsilon-1.51/plugins/org.eclipse.epsilon.eol.engine/src/org/eclipse/epsilon/eol/coverage/test_spider.eunit@8:21-11:1)&#13;
	at (/Users/zhangpengyu/Downloads/org.eclipse.epsilon-1.51/plugins/org.eclipse.epsilon.eol.engine/src/org/eclipse/epsilon/eol/coverage/test_spider.eunit@4:1-4:24)&#13;
	at (/Users/zhangpengyu/Downloads/org.eclipse.epsilon-1.51/plugins/org.eclipse.epsilon.eol.engine/src/org/eclipse/epsilon/eol/coverage/test_spider.eunit@4:1-4:24)&#13;
	at (/Users/zhangpengyu/Downloads/org.eclipse.epsilon-1.51/plugins/org.eclipse.epsilon.eol.engine/src/org/eclipse/epsilon/eol/coverage/test_spider.eunit@3:21-5:1)&#13;
	at (/Users/zhangpengyu/Downloads/org.eclipse.epsilon-1.51/plugins/org.eclipse.epsilon.eol.engine/src/org/eclipse/epsilon/eol/coverage/test_spider.eunit@1:0-11:1)&#13;

	at org.eclipse.epsilon.eol.execute.operations.contributors.BasicEUnitOperationContributor.compareGeneric(BasicEUnitOperationContributor.java:96)
	at org.eclipse.epsilon.eol.execute.operations.contributors.BasicEUnitOperationContributor.assertEquals(BasicEUnitOperationContributor.java:53)
	at org.eclipse.epsilon.eol.execute.operations.contributors.BasicEUnitOperationContributor.assertEquals(BasicEUnitOperationContributor.java:49)
	at sun.reflect.NativeMethodAccessorImpl.invoke0(Native Method)
	at sun.reflect.NativeMethodAccessorImpl.invoke(NativeMethodAccessorImpl.java:62)
	at sun.reflect.DelegatingMethodAccessorImpl.invoke(DelegatingMethodAccessorImpl.java:43)
	at java.lang.reflect.Method.invoke(Method.java:498)
	at org.eclipse.epsilon.eol.util.ReflectionUtil.executeMethod(ReflectionUtil.java:186)
	at org.eclipse.epsilon.eol.util.ReflectionUtil.executeMethod(ReflectionUtil.java:162)
	at org.eclipse.epsilon.eol.execute.introspection.java.ObjectMethod.execute(ObjectMethod.java:48)
	at org.eclipse.epsilon.eol.dom.OperationCallExpression.execute(OperationCallExpression.java:145)
	at org.eclipse.epsilon.eol.execute.ExecutorFactory.execute(ExecutorFactory.java:99)
	at org.eclipse.epsilon.eol.dom.ExpressionStatement.execute(ExpressionStatement.java:33)
	at org.eclipse.epsilon.eol.execute.ExecutorFactory.execute(ExecutorFactory.java:99)
	at org.eclipse.epsilon.eol.dom.StatementBlock.execute(StatementBlock.java:58)
	at org.eclipse.epsilon.eol.execute.ExecutorFactory.execute(ExecutorFactory.java:99)
	at org.eclipse.epsilon.eol.dom.Operation.executeBody(Operation.java:200)
	at org.eclipse.epsilon.eol.dom.Operation.execute(Operation.java:183)
	at org.eclipse.epsilon.eunit.EUnitModule.runLeafTestCase(EUnitModule.java:415)
	at org.eclipse.epsilon.eunit.EUnitModule.runSuiteInternal(EUnitModule.java:343)
	at org.eclipse.epsilon.eunit.EUnitModule.runSuite(EUnitModule.java:167)
	at org.eclipse.epsilon.eunit.EUnitModule.runInnerTestCase(EUnitModule.java:370)
	at org.eclipse.epsilon.eunit.EUnitModule.runSuiteInternal(EUnitModule.java:345)
	at org.eclipse.epsilon.eunit.EUnitModule.runSuite(EUnitModule.java:167)
	at org.eclipse.epsilon.eunit.EUnitModule.executeImpl(EUnitModule.java:128)
	at org.eclipse.epsilon.eol.execute.ExecutorFactory.execute(ExecutorFactory.java:102)
	at org.eclipse.epsilon.eol.EolModule.execute(EolModule.java:413)
	at org.eclipse.epsilon.workflow.tasks.ExecutableModuleTask.executeImpl(ExecutableModuleTask.java:216)
	at org.eclipse.epsilon.workflow.tasks.EpsilonTask.execute(EpsilonTask.java:39)
	at org.apache.tools.ant.UnknownElement.execute(UnknownElement.java:292)
	at sun.reflect.NativeMethodAccessorImpl.invoke0(Native Method)
	at sun.reflect.NativeMethodAccessorImpl.invoke(NativeMethodAccessorImpl.java:62)
	at sun.reflect.DelegatingMethodAccessorImpl.invoke(DelegatingMethodAccessorImpl.java:43)
	at java.lang.reflect.Method.invoke(Method.java:498)
	at org.apache.tools.ant.dispatch.DispatchUtils.execute(DispatchUtils.java:106)
	at org.apache.tools.ant.Task.perform(Task.java:350)
	at org.apache.tools.ant.Target.execute(Target.java:448)
	at org.apache.tools.ant.Target.performTasks(Target.java:469)
	at org.apache.tools.ant.Project.executeSortedTargets(Project.java:1399)
	at org.apache.tools.ant.Project.executeTarget(Project.java:1370)
	at org.apache.tools.ant.helper.DefaultExecutor.executeTargets(DefaultExecutor.java:41)
	at org.eclipse.ant.internal.core.ant.EclipseDefaultExecutor.executeTargets(EclipseDefaultExecutor.java:36)
	at org.apache.tools.ant.Project.executeTargets(Project.java:1260)
	at org.eclipse.ant.internal.core.ant.InternalAntRunner.run(InternalAntRunner.java:712)
	at org.eclipse.ant.internal.core.ant.InternalAntRunner.run(InternalAntRunner.java:532)
	at sun.reflect.NativeMethodAccessorImpl.invoke0(Native Method)
	at sun.reflect.NativeMethodAccessorImpl.invoke(NativeMethodAccessorImpl.java:62)
	at sun.reflect.DelegatingMethodAccessorImpl.invoke(DelegatingMethodAccessorImpl.java:43)
	at java.lang.reflect.Method.invoke(Method.java:498)
	at org.eclipse.ant.core.AntRunner.run(AntRunner.java:371)
	at org.eclipse.ant.internal.launching.launchConfigurations.AntLaunchDelegate.lambda$0(AntLaunchDelegate.java:268)
	at java.lang.Thread.run(Thread.java:748)
Caused by: Expected 5050, but got 5500 instead
	... 52 more
</failure></testcase><system-out/><system-err>Test testCase1 {} failed with status FAILURE: Internal error: Expected 0, but got 1 instead
	at org.eclipse.epsilon.eol.execute.operations.contributors.BasicEUnitOperationContributor.compareGeneric[BasicEUnitOperationContributor.java:96]
	at org.eclipse.epsilon.eol.execute.operations.contributors.BasicEUnitOperationContributor.assertEquals[BasicEUnitOperationContributor.java:53]
	at org.eclipse.epsilon.eol.execute.operations.contributors.BasicEUnitOperationContributor.assertEquals[BasicEUnitOperationContributor.java:49]
	at sun.reflect.NativeMethodAccessorImpl.invoke0[Native Method]
	at sun.reflect.NativeMethodAccessorImpl.invoke[NativeMethodAccessorImpl.java:62]
	at sun.reflect.DelegatingMethodAccessorImpl.invoke[DelegatingMethodAccessorImpl.java:43]
	at java.lang.reflect.Method.invoke[Method.java:498]
	at org.eclipse.epsilon.eol.util.ReflectionUtil.executeMethod[ReflectionUtil.java:186]
	at org.eclipse.epsilon.eol.util.ReflectionUtil.executeMethod[ReflectionUtil.java:162]
	at org.eclipse.epsilon.eol.execute.introspection.java.ObjectMethod.execute[ObjectMethod.java:48]
	at org.eclipse.epsilon.eol.dom.OperationCallExpression.execute[OperationCallExpression.java:145]
	at org.eclipse.epsilon.eol.execute.ExecutorFactory.execute[ExecutorFactory.java:99]
	at org.eclipse.epsilon.eol.dom.ExpressionStatement.execute[ExpressionStatement.java:33]
	at org.eclipse.epsilon.eol.execute.ExecutorFactory.execute[ExecutorFactory.java:99]
	at org.eclipse.epsilon.eol.dom.StatementBlock.execute[StatementBlock.java:58]
	at org.eclipse.epsilon.eol.execute.ExecutorFactory.execute[ExecutorFactory.java:99]
	at org.eclipse.epsilon.eol.dom.Operation.executeBody[Operation.java:200]
	at org.eclipse.epsilon.eol.dom.Operation.execute[Operation.java:183]
	at org.eclipse.epsilon.eunit.EUnitModule.runLeafTestCase[EUnitModule.java:415]
	at org.eclipse.epsilon.eunit.EUnitModule.runSuiteInternal[EUnitModule.java:343]
	at org.eclipse.epsilon.eunit.EUnitModule.runSuite[EUnitModule.java:167]
	at org.eclipse.epsilon.eunit.EUnitModule.runInnerTestCase[EUnitModule.java:370]
	at org.eclipse.epsilon.eunit.EUnitModule.runSuiteInternal[EUnitModule.java:345]
	at org.eclipse.epsilon.eunit.EUnitModule.runSuite[EUnitModule.java:167]
	at org.eclipse.epsilon.eunit.EUnitModule.executeImpl[EUnitModule.java:128]
	at org.eclipse.epsilon.eol.execute.ExecutorFactory.execute[ExecutorFactory.java:102]
	at org.eclipse.epsilon.eol.EolModule.execute[EolModule.java:413]
	at org.eclipse.epsilon.workflow.tasks.ExecutableModuleTask.executeImpl[ExecutableModuleTask.java:216]
	at org.eclipse.epsilon.workflow.tasks.EpsilonTask.execute[EpsilonTask.java:39]
	at org.apache.tools.ant.UnknownElement.execute[UnknownElement.java:292]
	at sun.reflect.NativeMethodAccessorImpl.invoke0[Native Method]
	at sun.reflect.NativeMethodAccessorImpl.invoke[NativeMethodAccessorImpl.java:62]
	at sun.reflect.DelegatingMethodAccessorImpl.invoke[DelegatingMethodAccessorImpl.java:43]
	at java.lang.reflect.Method.invoke[Method.java:498]
	at org.apache.tools.ant.dispatch.DispatchUtils.execute[DispatchUtils.java:106]
	at org.apache.tools.ant.Task.perform[Task.java:350]
	at org.apache.tools.ant.Target.execute[Target.java:448]
	at org.apache.tools.ant.Target.performTasks[Target.java:469]
	at org.apache.tools.ant.Project.executeSortedTargets[Project.java:1399]
	at org.apache.tools.ant.Project.executeTarget[Project.java:1370]
	at org.apache.tools.ant.helper.DefaultExecutor.executeTargets[DefaultExecutor.java:41]
	at org.eclipse.ant.internal.core.ant.EclipseDefaultExecutor.executeTargets[EclipseDefaultExecutor.java:36]
	at org.apache.tools.ant.Project.executeTargets[Project.java:1260]
	at org.eclipse.ant.internal.core.ant.InternalAntRunner.run[InternalAntRunner.java:712]
	at org.eclipse.ant.internal.core.ant.InternalAntRunner.run[InternalAntRunner.java:532]
	at sun.reflect.NativeMethodAccessorImpl.invoke0[Native Method]
	at sun.reflect.NativeMethodAccessorImpl.invoke[NativeMethodAccessorImpl.java:62]
	at sun.reflect.DelegatingMethodAccessorImpl.invoke[DelegatingMethodAccessorImpl.java:43]
	at java.lang.reflect.Method.invoke[Method.java:498]
	at org.eclipse.ant.core.AntRunner.run[AntRunner.java:371]
	at org.eclipse.ant.internal.launching.launchConfigurations.AntLaunchDelegate.lambda$0[AntLaunchDelegate.java:268]
	at java.lang.Thread.run[Thread.java:748]
&#13;
	at (/Users/zhangpengyu/Downloads/org.eclipse.epsilon-1.51/plugins/org.eclipse.epsilon.eol.engine/src/org/eclipse/epsilon/eol/coverage/test_spider.eunit@4:1-4:24)&#13;
	at (/Users/zhangpengyu/Downloads/org.eclipse.epsilon-1.51/plugins/org.eclipse.epsilon.eol.engine/src/org/eclipse/epsilon/eol/coverage/test_spider.eunit@4:1-4:24)&#13;
	at (/Users/zhangpengyu/Downloads/org.eclipse.epsilon-1.51/plugins/org.eclipse.epsilon.eol.engine/src/org/eclipse/epsilon/eol/coverage/test_spider.eunit@3:21-5:1)&#13;
	at (/Users/zhangpengyu/Downloads/org.eclipse.epsilon-1.51/plugins/org.eclipse.epsilon.eol.engine/src/org/eclipse/epsilon/eol/coverage/test_spider.eunit@1:0-11:1)&#13;

Test testCase2 {} failed with status FAILURE: Internal error: Expected 5050, but got 5500 instead
	at org.eclipse.epsilon.eol.execute.operations.contributors.BasicEUnitOperationContributor.compareGeneric[BasicEUnitOperationContributor.java:96]
	at org.eclipse.epsilon.eol.execute.operations.contributors.BasicEUnitOperationContributor.assertEquals[BasicEUnitOperationContributor.java:53]
	at org.eclipse.epsilon.eol.execute.operations.contributors.BasicEUnitOperationContributor.assertEquals[BasicEUnitOperationContributor.java:49]
	at sun.reflect.NativeMethodAccessorImpl.invoke0[Native Method]
	at sun.reflect.NativeMethodAccessorImpl.invoke[NativeMethodAccessorImpl.java:62]
	at sun.reflect.DelegatingMethodAccessorImpl.invoke[DelegatingMethodAccessorImpl.java:43]
	at java.lang.reflect.Method.invoke[Method.java:498]
	at org.eclipse.epsilon.eol.util.ReflectionUtil.executeMethod[ReflectionUtil.java:186]
	at org.eclipse.epsilon.eol.util.ReflectionUtil.executeMethod[ReflectionUtil.java:162]
	at org.eclipse.epsilon.eol.execute.introspection.java.ObjectMethod.execute[ObjectMethod.java:48]
	at org.eclipse.epsilon.eol.dom.OperationCallExpression.execute[OperationCallExpression.java:145]
	at org.eclipse.epsilon.eol.execute.ExecutorFactory.execute[ExecutorFactory.java:99]
	at org.eclipse.epsilon.eol.dom.ExpressionStatement.execute[ExpressionStatement.java:33]
	at org.eclipse.epsilon.eol.execute.ExecutorFactory.execute[ExecutorFactory.java:99]
	at org.eclipse.epsilon.eol.dom.StatementBlock.execute[StatementBlock.java:58]
	at org.eclipse.epsilon.eol.execute.ExecutorFactory.execute[ExecutorFactory.java:99]
	at org.eclipse.epsilon.eol.dom.Operation.executeBody[Operation.java:200]
	at org.eclipse.epsilon.eol.dom.Operation.execute[Operation.java:183]
	at org.eclipse.epsilon.eunit.EUnitModule.runLeafTestCase[EUnitModule.java:415]
	at org.eclipse.epsilon.eunit.EUnitModule.runSuiteInternal[EUnitModule.java:343]
	at org.eclipse.epsilon.eunit.EUnitModule.runSuite[EUnitModule.java:167]
	at org.eclipse.epsilon.eunit.EUnitModule.runInnerTestCase[EUnitModule.java:370]
	at org.eclipse.epsilon.eunit.EUnitModule.runSuiteInternal[EUnitModule.java:345]
	at org.eclipse.epsilon.eunit.EUnitModule.runSuite[EUnitModule.java:167]
	at org.eclipse.epsilon.eunit.EUnitModule.executeImpl[EUnitModule.java:128]
	at org.eclipse.epsilon.eol.execute.ExecutorFactory.execute[ExecutorFactory.java:102]
	at org.eclipse.epsilon.eol.EolModule.execute[EolModule.java:413]
	at org.eclipse.epsilon.workflow.tasks.ExecutableModuleTask.executeImpl[ExecutableModuleTask.java:216]
	at org.eclipse.epsilon.workflow.tasks.EpsilonTask.execute[EpsilonTask.java:39]
	at org.apache.tools.ant.UnknownElement.execute[UnknownElement.java:292]
	at sun.reflect.NativeMethodAccessorImpl.invoke0[Native Method]
	at sun.reflect.NativeMethodAccessorImpl.invoke[NativeMethodAccessorImpl.java:62]
	at sun.reflect.DelegatingMethodAccessorImpl.invoke[DelegatingMethodAccessorImpl.java:43]
	at java.lang.reflect.Method.invoke[Method.java:498]
	at org.apache.tools.ant.dispatch.DispatchUtils.execute[DispatchUtils.java:106]
	at org.apache.tools.ant.Task.perform[Task.java:350]
	at org.apache.tools.ant.Target.execute[Target.java:448]
	at org.apache.tools.ant.Target.performTasks[Target.java:469]
	at org.apache.tools.ant.Project.executeSortedTargets[Project.java:1399]
	at org.apache.tools.ant.Project.executeTarget[Project.java:1370]
	at org.apache.tools.ant.helper.DefaultExecutor.executeTargets[DefaultExecutor.java:41]
	at org.eclipse.ant.internal.core.ant.EclipseDefaultExecutor.executeTargets[EclipseDefaultExecutor.java:36]
	at org.apache.tools.ant.Project.executeTargets[Project.java:1260]
	at org.eclipse.ant.internal.core.ant.InternalAntRunner.run[InternalAntRunner.java:712]
	at org.eclipse.ant.internal.core.ant.InternalAntRunner.run[InternalAntRunner.java:532]
	at sun.reflect.NativeMethodAccessorImpl.invoke0[Native Method]
	at sun.reflect.NativeMethodAccessorImpl.invoke[NativeMethodAccessorImpl.java:62]
	at sun.reflect.DelegatingMethodAccessorImpl.invoke[DelegatingMethodAccessorImpl.java:43]
	at java.lang.reflect.Method.invoke[Method.java:498]
	at org.eclipse.ant.core.AntRunner.run[AntRunner.java:371]
	at org.eclipse.ant.internal.launching.launchConfigurations.AntLaunchDelegate.lambda$0[AntLaunchDelegate.java:268]
	at java.lang.Thread.run[Thread.java:748]
&#13;
	at (/Users/zhangpengyu/Downloads/org.eclipse.epsilon-1.51/plugins/org.eclipse.epsilon.eol.engine/src/org/eclipse/epsilon/eol/coverage/test_spider.eunit@9:1-9:28)&#13;
	at (/Users/zhangpengyu/Downloads/org.eclipse.epsilon-1.51/plugins/org.eclipse.epsilon.eol.engine/src/org/eclipse/epsilon/eol/coverage/test_spider.eunit@9:1-9:28)&#13;
	at (/Users/zhangpengyu/Downloads/org.eclipse.epsilon-1.51/plugins/org.eclipse.epsilon.eol.engine/src/org/eclipse/epsilon/eol/coverage/test_spider.eunit@8:21-11:1)&#13;
	at (/Users/zhangpengyu/Downloads/org.eclipse.epsilon-1.51/plugins/org.eclipse.epsilon.eol.engine/src/org/eclipse/epsilon/eol/coverage/test_spider.eunit@4:1-4:24)&#13;
	at (/Users/zhangpengyu/Downloads/org.eclipse.epsilon-1.51/plugins/org.eclipse.epsilon.eol.engine/src/org/eclipse/epsilon/eol/coverage/test_spider.eunit@4:1-4:24)&#13;
	at (/Users/zhangpengyu/Downloads/org.eclipse.epsilon-1.51/plugins/org.eclipse.epsilon.eol.engine/src/org/eclipse/epsilon/eol/coverage/test_spider.eunit@3:21-5:1)&#13;
	at (/Users/zhangpengyu/Downloads/org.eclipse.epsilon-1.51/plugins/org.eclipse.epsilon.eol.engine/src/org/eclipse/epsilon/eol/coverage/test_spider.eunit@1:0-11:1)&#13;

Test root {} failed with status FAILURE: Internal error: Expected 5050, but got 5500 instead
	at org.eclipse.epsilon.eol.execute.operations.contributors.BasicEUnitOperationContributor.compareGeneric[BasicEUnitOperationContributor.java:96]
	at org.eclipse.epsilon.eol.execute.operations.contributors.BasicEUnitOperationContributor.assertEquals[BasicEUnitOperationContributor.java:53]
	at org.eclipse.epsilon.eol.execute.operations.contributors.BasicEUnitOperationContributor.assertEquals[BasicEUnitOperationContributor.java:49]
	at sun.reflect.NativeMethodAccessorImpl.invoke0[Native Method]
	at sun.reflect.NativeMethodAccessorImpl.invoke[NativeMethodAccessorImpl.java:62]
	at sun.reflect.DelegatingMethodAccessorImpl.invoke[DelegatingMethodAccessorImpl.java:43]
	at java.lang.reflect.Method.invoke[Method.java:498]
	at org.eclipse.epsilon.eol.util.ReflectionUtil.executeMethod[ReflectionUtil.java:186]
	at org.eclipse.epsilon.eol.util.ReflectionUtil.executeMethod[ReflectionUtil.java:162]
	at org.eclipse.epsilon.eol.execute.introspection.java.ObjectMethod.execute[ObjectMethod.java:48]
	at org.eclipse.epsilon.eol.dom.OperationCallExpression.execute[OperationCallExpression.java:145]
	at org.eclipse.epsilon.eol.execute.ExecutorFactory.execute[ExecutorFactory.java:99]
	at org.eclipse.epsilon.eol.dom.ExpressionStatement.execute[ExpressionStatement.java:33]
	at org.eclipse.epsilon.eol.execute.ExecutorFactory.execute[ExecutorFactory.java:99]
	at org.eclipse.epsilon.eol.dom.StatementBlock.execute[StatementBlock.java:58]
	at org.eclipse.epsilon.eol.execute.ExecutorFactory.execute[ExecutorFactory.java:99]
	at org.eclipse.epsilon.eol.dom.Operation.executeBody[Operation.java:200]
	at org.eclipse.epsilon.eol.dom.Operation.execute[Operation.java:183]
	at org.eclipse.epsilon.eunit.EUnitModule.runLeafTestCase[EUnitModule.java:415]
	at org.eclipse.epsilon.eunit.EUnitModule.runSuiteInternal[EUnitModule.java:343]
	at org.eclipse.epsilon.eunit.EUnitModule.runSuite[EUnitModule.java:167]
	at org.eclipse.epsilon.eunit.EUnitModule.runInnerTestCase[EUnitModule.java:370]
	at org.eclipse.epsilon.eunit.EUnitModule.runSuiteInternal[EUnitModule.java:345]
	at org.eclipse.epsilon.eunit.EUnitModule.runSuite[EUnitModule.java:167]
	at org.eclipse.epsilon.eunit.EUnitModule.executeImpl[EUnitModule.java:128]
	at org.eclipse.epsilon.eol.execute.ExecutorFactory.execute[ExecutorFactory.java:102]
	at org.eclipse.epsilon.eol.EolModule.execute[EolModule.java:413]
	at org.eclipse.epsilon.workflow.tasks.ExecutableModuleTask.executeImpl[ExecutableModuleTask.java:216]
	at org.eclipse.epsilon.workflow.tasks.EpsilonTask.execute[EpsilonTask.java:39]
	at org.apache.tools.ant.UnknownElement.execute[UnknownElement.java:292]
	at sun.reflect.NativeMethodAccessorImpl.invoke0[Native Method]
	at sun.reflect.NativeMethodAccessorImpl.invoke[NativeMethodAccessorImpl.java:62]
	at sun.reflect.DelegatingMethodAccessorImpl.invoke[DelegatingMethodAccessorImpl.java:43]
	at java.lang.reflect.Method.invoke[Method.java:498]
	at org.apache.tools.ant.dispatch.DispatchUtils.execute[DispatchUtils.java:106]
	at org.apache.tools.ant.Task.perform[Task.java:350]
	at org.apache.tools.ant.Target.execute[Target.java:448]
	at org.apache.tools.ant.Target.performTasks[Target.java:469]
	at org.apache.tools.ant.Project.executeSortedTargets[Project.java:1399]
	at org.apache.tools.ant.Project.executeTarget[Project.java:1370]
	at org.apache.tools.ant.helper.DefaultExecutor.executeTargets[DefaultExecutor.java:41]
	at org.eclipse.ant.internal.core.ant.EclipseDefaultExecutor.executeTargets[EclipseDefaultExecutor.java:36]
	at org.apache.tools.ant.Project.executeTargets[Project.java:1260]
	at org.eclipse.ant.internal.core.ant.InternalAntRunner.run[InternalAntRunner.java:712]
	at org.eclipse.ant.internal.core.ant.InternalAntRunner.run[InternalAntRunner.java:532]
	at sun.reflect.NativeMethodAccessorImpl.invoke0[Native Method]
	at sun.reflect.NativeMethodAccessorImpl.invoke[NativeMethodAccessorImpl.java:62]
	at sun.reflect.DelegatingMethodAccessorImpl.invoke[DelegatingMethodAccessorImpl.java:43]
	at java.lang.reflect.Method.invoke[Method.java:498]
	at org.eclipse.ant.core.AntRunner.run[AntRunner.java:371]
	at org.eclipse.ant.internal.launching.launchConfigurations.AntLaunchDelegate.lambda$0[AntLaunchDelegate.java:268]
	at java.lang.Thread.run[Thread.java:748]
&#13;
	at (/Users/zhangpengyu/Downloads/org.eclipse.epsilon-1.51/plugins/org.eclipse.epsilon.eol.engine/src/org/eclipse/epsilon/eol/coverage/test_spider.eunit@9:1-9:28)&#13;
	at (/Users/zhangpengyu/Downloads/org.eclipse.epsilon-1.51/plugins/org.eclipse.epsilon.eol.engine/src/org/eclipse/epsilon/eol/coverage/test_spider.eunit@9:1-9:28)&#13;
	at (/Users/zhangpengyu/Downloads/org.eclipse.epsilon-1.51/plugins/org.eclipse.epsilon.eol.engine/src/org/eclipse/epsilon/eol/coverage/test_spider.eunit@8:21-11:1)&#13;
	at (/Users/zhangpengyu/Downloads/org.eclipse.epsilon-1.51/plugins/org.eclipse.epsilon.eol.engine/src/org/eclipse/epsilon/eol/coverage/test_spider.eunit@4:1-4:24)&#13;
	at (/Users/zhangpengyu/Downloads/org.eclipse.epsilon-1.51/plugins/org.eclipse.epsilon.eol.engine/src/org/eclipse/epsilon/eol/coverage/test_spider.eunit@4:1-4:24)&#13;
	at (/Users/zhangpengyu/Downloads/org.eclipse.epsilon-1.51/plugins/org.eclipse.epsilon.eol.engine/src/org/eclipse/epsilon/eol/coverage/test_spider.eunit@3:21-5:1)&#13;
	at (/Users/zhangpengyu/Downloads/org.eclipse.epsilon-1.51/plugins/org.eclipse.epsilon.eol.engine/src/org/eclipse/epsilon/eol/coverage/test_spider.eunit@1:0-11:1)&#13;

</system-err></testsuite>